/workspaces/docker-unity-ros-tcp-endpoint/install/lib/python3.8/site-packages/ros_tcp_endpoint/thread_pauser.py
/workspaces/docker-unity-ros-tcp-endpoint/install/lib/python3.8/site-packages/ros_tcp_endpoint/exceptions.py
/workspaces/docker-unity-ros-tcp-endpoint/install/lib/python3.8/site-packages/ros_tcp_endpoint/default_server_endpoint.py
/workspaces/docker-unity-ros-tcp-endpoint/install/lib/python3.8/site-packages/ros_tcp_endpoint/service.py
/workspaces/docker-unity-ros-tcp-endpoint/install/lib/python3.8/site-packages/ros_tcp_endpoint/communication.py
/workspaces/docker-unity-ros-tcp-endpoint/install/lib/python3.8/site-packages/ros_tcp_endpoint/subscriber.py
/workspaces/docker-unity-ros-tcp-endpoint/install/lib/python3.8/site-packages/ros_tcp_endpoint/unity_service.py
/workspaces/docker-unity-ros-tcp-endpoint/install/lib/python3.8/site-packages/ros_tcp_endpoint/tcp_sender.py
/workspaces/docker-unity-ros-tcp-endpoint/install/lib/python3.8/site-packages/ros_tcp_endpoint/client.py
/workspaces/docker-unity-ros-tcp-endpoint/install/lib/python3.8/site-packages/ros_tcp_endpoint/__init__.py
/workspaces/docker-unity-ros-tcp-endpoint/install/lib/python3.8/site-packages/ros_tcp_endpoint/publisher.py
/workspaces/docker-unity-ros-tcp-endpoint/install/lib/python3.8/site-packages/ros_tcp_endpoint/server.py
/workspaces/docker-unity-ros-tcp-endpoint/install/lib/python3.8/site-packages/ros_tcp_endpoint/__pycache__/thread_pauser.cpython-38.pyc
/workspaces/docker-unity-ros-tcp-endpoint/install/lib/python3.8/site-packages/ros_tcp_endpoint/__pycache__/exceptions.cpython-38.pyc
/workspaces/docker-unity-ros-tcp-endpoint/install/lib/python3.8/site-packages/ros_tcp_endpoint/__pycache__/default_server_endpoint.cpython-38.pyc
/workspaces/docker-unity-ros-tcp-endpoint/install/lib/python3.8/site-packages/ros_tcp_endpoint/__pycache__/service.cpython-38.pyc
/workspaces/docker-unity-ros-tcp-endpoint/install/lib/python3.8/site-packages/ros_tcp_endpoint/__pycache__/communication.cpython-38.pyc
/workspaces/docker-unity-ros-tcp-endpoint/install/lib/python3.8/site-packages/ros_tcp_endpoint/__pycache__/subscriber.cpython-38.pyc
/workspaces/docker-unity-ros-tcp-endpoint/install/lib/python3.8/site-packages/ros_tcp_endpoint/__pycache__/unity_service.cpython-38.pyc
/workspaces/docker-unity-ros-tcp-endpoint/install/lib/python3.8/site-packages/ros_tcp_endpoint/__pycache__/tcp_sender.cpython-38.pyc
/workspaces/docker-unity-ros-tcp-endpoint/install/lib/python3.8/site-packages/ros_tcp_endpoint/__pycache__/client.cpython-38.pyc
/workspaces/docker-unity-ros-tcp-endpoint/install/lib/python3.8/site-packages/ros_tcp_endpoint/__pycache__/__init__.cpython-38.pyc
/workspaces/docker-unity-ros-tcp-endpoint/install/lib/python3.8/site-packages/ros_tcp_endpoint/__pycache__/publisher.cpython-38.pyc
/workspaces/docker-unity-ros-tcp-endpoint/install/lib/python3.8/site-packages/ros_tcp_endpoint/__pycache__/server.cpython-38.pyc
/workspaces/docker-unity-ros-tcp-endpoint/install/share/ament_index/resource_index/packages/ros_tcp_endpoint
/workspaces/docker-unity-ros-tcp-endpoint/install/share/ros_tcp_endpoint/package.xml
/workspaces/docker-unity-ros-tcp-endpoint/install/share/ros_tcp_endpoint/launch/endpoint.py
/workspaces/docker-unity-ros-tcp-endpoint/install/lib/python3.8/site-packages/ros_tcp_endpoint-0.0.1-py3.8.egg-info/requires.txt
/workspaces/docker-unity-ros-tcp-endpoint/install/lib/python3.8/site-packages/ros_tcp_endpoint-0.0.1-py3.8.egg-info/SOURCES.txt
/workspaces/docker-unity-ros-tcp-endpoint/install/lib/python3.8/site-packages/ros_tcp_endpoint-0.0.1-py3.8.egg-info/zip-safe
/workspaces/docker-unity-ros-tcp-endpoint/install/lib/python3.8/site-packages/ros_tcp_endpoint-0.0.1-py3.8.egg-info/top_level.txt
/workspaces/docker-unity-ros-tcp-endpoint/install/lib/python3.8/site-packages/ros_tcp_endpoint-0.0.1-py3.8.egg-info/PKG-INFO
/workspaces/docker-unity-ros-tcp-endpoint/install/lib/python3.8/site-packages/ros_tcp_endpoint-0.0.1-py3.8.egg-info/dependency_links.txt
/workspaces/docker-unity-ros-tcp-endpoint/install/lib/python3.8/site-packages/ros_tcp_endpoint-0.0.1-py3.8.egg-info/entry_points.txt
/workspaces/docker-unity-ros-tcp-endpoint/install/lib/ros_tcp_endpoint/default_server_endpoint
